2022-08-15 11:23:07 0 [Note] InnoDB: Mutexes and rw_locks use Windows interlocked functions
2022-08-15 11:23:07 0 [Note] InnoDB: Uses event mutexes
2022-08-15 11:23:07 0 [Note] InnoDB: Compressed tables use zlib 1.2.11
2022-08-15 11:23:07 0 [Note] InnoDB: Number of pools: 1
2022-08-15 11:23:07 0 [Note] InnoDB: Using SSE2 crc32 instructions
2022-08-15 11:23:07 0 [Note] InnoDB: Initializing buffer pool, total size = 16M, instances = 1, chunk size = 16M
2022-08-15 11:23:07 0 [Note] InnoDB: Completed initialization of buffer pool
2022-08-15 11:23:07 0 [Note] InnoDB: Starting crash recovery from checkpoint LSN=300288
2022-08-15 11:23:07 0 [Note] InnoDB: 128 out of 128 rollback segments are active.
2022-08-15 11:23:07 0 [Note] InnoDB: Removed temporary tablespace data file: "ibtmp1"
2022-08-15 11:23:07 0 [Note] InnoDB: Creating shared tablespace for temporary tables
2022-08-15 11:23:07 0 [Note] InnoDB: Setting file 'C:\xampp\mysql\data\ibtmp1' size to 12 MB. Physically writing the file full; Please wait ...
2022-08-15 11:23:07 0 [Note] InnoDB: File 'C:\xampp\mysql\data\ibtmp1' size is now 12 MB.
2022-08-15 11:23:07 0 [Note] InnoDB: 10.4.24 started; log sequence number 300297; transaction id 170
2022-08-15 11:23:07 0 [Note] InnoDB: Loading buffer pool(s) from C:\xampp\mysql\data\ib_buffer_pool
2022-08-15 11:23:07 0 [Note] Plugin 'FEEDBACK' is disabled.
2022-08-15 11:23:07 0 [Note] Server socket created on IP: '::'.
2022-08-15 11:23:07 0 [Note] InnoDB: Buffer pool(s) load completed at 220815 11:23:07
2022-08-15 11:23:07 0 [Note] Reading of all Master_info entries succeeded
2022-08-15 11:23:07 0 [Note] Added new Master_info '' to hash table
2022-08-15 11:23:07 0 [Note] c:\xampp\mysql\bin\mysqld.exe: ready for connections.
Version: '10.4.24-MariaDB'  socket: ''  port: 3306  mariadb.org binary distribution
2022-08-15 11:48:24 0 [Note] InnoDB: Mutexes and rw_locks use Windows interlocked functions
2022-08-15 11:48:24 0 [Note] InnoDB: Uses event mutexes
2022-08-15 11:48:24 0 [Note] InnoDB: Compressed tables use zlib 1.2.11
2022-08-15 11:48:24 0 [Note] InnoDB: Number of pools: 1
2022-08-15 11:48:24 0 [Note] InnoDB: Using SSE2 crc32 instructions
2022-08-15 11:48:24 0 [Note] InnoDB: Initializing buffer pool, total size = 16M, instances = 1, chunk size = 16M
2022-08-15 11:48:25 0 [Note] InnoDB: Completed initialization of buffer pool
2022-08-15 11:48:25 0 [Note] InnoDB: Starting crash recovery from checkpoint LSN=300306
2022-08-15 11:48:25 0 [Note] InnoDB: 128 out of 128 rollback segments are active.
2022-08-15 11:48:25 0 [Note] InnoDB: Removed temporary tablespace data file: "ibtmp1"
2022-08-15 11:48:25 0 [Note] InnoDB: Creating shared tablespace for temporary tables
2022-08-15 11:48:25 0 [Note] InnoDB: Setting file 'C:\xampp\mysql\data\ibtmp1' size to 12 MB. Physically writing the file full; Please wait ...
2022-08-15 11:48:25 0 [Note] InnoDB: File 'C:\xampp\mysql\data\ibtmp1' size is now 12 MB.
2022-08-15 11:48:25 0 [Note] InnoDB: 10.4.24 started; log sequence number 300315; transaction id 170
2022-08-15 11:48:25 0 [Note] InnoDB: Loading buffer pool(s) from C:\xampp\mysql\data\ib_buffer_pool
2022-08-15 11:48:25 0 [Note] Plugin 'FEEDBACK' is disabled.
2022-08-15 11:48:25 0 [Note] Server socket created on IP: '::'.
2022-08-15 11:48:25 0 [Note] InnoDB: Buffer pool(s) load completed at 220815 11:48:25
2022-08-15 11:48:25 0 [Note] Reading of all Master_info entries succeeded
2022-08-15 11:48:25 0 [Note] Added new Master_info '' to hash table
2022-08-15 11:48:25 0 [Note] c:\xampp\mysql\bin\mysqld.exe: ready for connections.
Version: '10.4.24-MariaDB'  socket: ''  port: 3306  mariadb.org binary distribution
2022-08-15 11:51:22 0 [Note] InnoDB: Mutexes and rw_locks use Windows interlocked functions
2022-08-15 11:51:22 0 [Note] InnoDB: Uses event mutexes
2022-08-15 11:51:22 0 [Note] InnoDB: Compressed tables use zlib 1.2.11
2022-08-15 11:51:22 0 [Note] InnoDB: Number of pools: 1
2022-08-15 11:51:22 0 [Note] InnoDB: Using SSE2 crc32 instructions
2022-08-15 11:51:22 0 [Note] InnoDB: Initializing buffer pool, total size = 16M, instances = 1, chunk size = 16M
2022-08-15 11:51:22 0 [Note] InnoDB: Completed initialization of buffer pool
2022-08-15 11:51:22 0 [Note] InnoDB: Starting crash recovery from checkpoint LSN=301072
2022-08-15 11:51:22 0 [Note] InnoDB: 128 out of 128 rollback segments are active.
2022-08-15 11:51:22 0 [Note] InnoDB: Removed temporary tablespace data file: "ibtmp1"
2022-08-15 11:51:22 0 [Note] InnoDB: Creating shared tablespace for temporary tables
2022-08-15 11:51:22 0 [Note] InnoDB: Setting file 'C:\xampp\mysql\data\ibtmp1' size to 12 MB. Physically writing the file full; Please wait ...
2022-08-15 11:51:22 0 [Note] InnoDB: File 'C:\xampp\mysql\data\ibtmp1' size is now 12 MB.
2022-08-15 11:51:22 0 [Note] InnoDB: 10.4.24 started; log sequence number 301081; transaction id 195
2022-08-15 11:51:22 0 [Note] InnoDB: Loading buffer pool(s) from C:\xampp\mysql\data\ib_buffer_pool
2022-08-15 11:51:22 0 [Note] Plugin 'FEEDBACK' is disabled.
2022-08-15 11:51:22 0 [Note] Server socket created on IP: '::'.
2022-08-15 11:51:22 0 [Note] InnoDB: Buffer pool(s) load completed at 220815 11:51:22
2022-08-15 11:51:22 0 [Note] Reading of all Master_info entries succeeded
2022-08-15 11:51:22 0 [Note] Added new Master_info '' to hash table
2022-08-15 11:51:22 0 [Note] c:\xampp\mysql\bin\mysqld.exe: ready for connections.
Version: '10.4.24-MariaDB'  socket: ''  port: 3306  mariadb.org binary distribution
2022-08-15 12:02:35 0 [Note] InnoDB: Mutexes and rw_locks use Windows interlocked functions
2022-08-15 12:02:35 0 [Note] InnoDB: Uses event mutexes
2022-08-15 12:02:35 0 [Note] InnoDB: Compressed tables use zlib 1.2.11
2022-08-15 12:02:35 0 [Note] InnoDB: Number of pools: 1
2022-08-15 12:02:35 0 [Note] InnoDB: Using SSE2 crc32 instructions
2022-08-15 12:02:35 0 [Note] InnoDB: Initializing buffer pool, total size = 16M, instances = 1, chunk size = 16M
2022-08-15 12:02:35 0 [Note] InnoDB: Completed initialization of buffer pool
2022-08-15 12:02:35 0 [Note] InnoDB: Starting crash recovery from checkpoint LSN=1908673
2022-08-15 12:02:36 0 [Note] InnoDB: 128 out of 128 rollback segments are active.
2022-08-15 12:02:36 0 [Note] InnoDB: Removed temporary tablespace data file: "ibtmp1"
2022-08-15 12:02:36 0 [Note] InnoDB: Creating shared tablespace for temporary tables
2022-08-15 12:02:36 0 [Note] InnoDB: Setting file 'C:\xampp\mysql\data\ibtmp1' size to 12 MB. Physically writing the file full; Please wait ...
2022-08-15 12:02:36 0 [Note] InnoDB: File 'C:\xampp\mysql\data\ibtmp1' size is now 12 MB.
2022-08-15 12:02:36 0 [Note] InnoDB: 10.4.24 started; log sequence number 1908682; transaction id 829
2022-08-15 12:02:36 0 [Note] InnoDB: Loading buffer pool(s) from C:\xampp\mysql\data\ib_buffer_pool
2022-08-15 12:02:36 0 [Note] Plugin 'FEEDBACK' is disabled.
2022-08-15 12:02:36 0 [Note] Server socket created on IP: '::'.
2022-08-15 12:02:36 0 [Note] InnoDB: Buffer pool(s) load completed at 220815 12:02:36
2022-08-15 12:02:36 0 [Note] Reading of all Master_info entries succeeded
2022-08-15 12:02:36 0 [Note] Added new Master_info '' to hash table
2022-08-15 12:02:36 0 [Note] c:\xampp\mysql\bin\mysqld.exe: ready for connections.
Version: '10.4.24-MariaDB'  socket: ''  port: 3306  mariadb.org binary distribution
2022-08-15 12:10:10 22 [Warning] Access denied for user 'admin'@'localhost' (using password: YES)
2022-08-15 12:10:44 23 [Warning] Access denied for user 'admin'@'localhost' (using password: NO)
2022-08-15 12:10:54 24 [Warning] Access denied for user 'admin'@'localhost' (using password: NO)
2022-08-15 13:21:23 0 [Note] InnoDB: Mutexes and rw_locks use Windows interlocked functions
2022-08-15 13:21:23 0 [Note] InnoDB: Uses event mutexes
2022-08-15 13:21:23 0 [Note] InnoDB: Compressed tables use zlib 1.2.11
2022-08-15 13:21:23 0 [Note] InnoDB: Number of pools: 1
2022-08-15 13:21:23 0 [Note] InnoDB: Using SSE2 crc32 instructions
2022-08-15 13:21:23 0 [Note] InnoDB: Initializing buffer pool, total size = 16M, instances = 1, chunk size = 16M
2022-08-15 13:21:23 0 [Note] InnoDB: Completed initialization of buffer pool
2022-08-15 13:21:24 0 [Note] InnoDB: Starting crash recovery from checkpoint LSN=1962232
2022-08-15 13:21:24 0 [Note] InnoDB: 128 out of 128 rollback segments are active.
2022-08-15 13:21:24 0 [Note] InnoDB: Removed temporary tablespace data file: "ibtmp1"
2022-08-15 13:21:24 0 [Note] InnoDB: Creating shared tablespace for temporary tables
2022-08-15 13:21:24 0 [Note] InnoDB: Setting file '.\ibtmp1' size to 12 MB. Physically writing the file full; Please wait ...
2022-08-15 13:21:24 0 [Note] InnoDB: File '.\ibtmp1' size is now 12 MB.
2022-08-15 13:21:24 0 [Note] InnoDB: 10.4.24 started; log sequence number 1962241; transaction id 906
2022-08-15 13:21:24 0 [Note] InnoDB: Loading buffer pool(s) from F:\web\full_stack\data_base_files\ib_buffer_pool
2022-08-15 13:21:24 0 [Note] Plugin 'FEEDBACK' is disabled.
2022-08-15 13:21:24 0 [Note] Server socket created on IP: '::'.
2022-08-15 13:21:24 0 [Note] InnoDB: Buffer pool(s) load completed at 220815 13:21:24
2022-08-15 13:21:24 0 [Note] Reading of all Master_info entries succeeded
2022-08-15 13:21:24 0 [Note] Added new Master_info '' to hash table
2022-08-15 13:21:24 0 [Note] c:\xampp\mysql\bin\mysqld.exe: ready for connections.
Version: '10.4.24-MariaDB'  socket: ''  port: 3306  mariadb.org binary distribution
2022-08-15 13:23:33 0 [Note] InnoDB: Mutexes and rw_locks use Windows interlocked functions
2022-08-15 13:23:33 0 [Note] InnoDB: Uses event mutexes
2022-08-15 13:23:33 0 [Note] InnoDB: Compressed tables use zlib 1.2.11
2022-08-15 13:23:33 0 [Note] InnoDB: Number of pools: 1
2022-08-15 13:23:33 0 [Note] InnoDB: Using SSE2 crc32 instructions
2022-08-15 13:23:33 0 [Note] InnoDB: Initializing buffer pool, total size = 16M, instances = 1, chunk size = 16M
2022-08-15 13:23:33 0 [Note] InnoDB: Completed initialization of buffer pool
2022-08-15 13:23:33 0 [Note] InnoDB: Starting crash recovery from checkpoint LSN=1962708
2022-08-15 13:23:33 0 [Note] InnoDB: 128 out of 128 rollback segments are active.
2022-08-15 13:23:33 0 [Note] InnoDB: Removed temporary tablespace data file: "ibtmp1"
2022-08-15 13:23:33 0 [Note] InnoDB: Creating shared tablespace for temporary tables
2022-08-15 13:23:33 0 [Note] InnoDB: Setting file '.\ibtmp1' size to 12 MB. Physically writing the file full; Please wait ...
2022-08-15 13:23:33 0 [Note] InnoDB: File '.\ibtmp1' size is now 12 MB.
2022-08-15 13:23:33 0 [Note] InnoDB: 10.4.24 started; log sequence number 1962717; transaction id 929
2022-08-15 13:23:33 0 [Note] InnoDB: Loading buffer pool(s) from F:\web\full_stack\data_base_files\ib_buffer_pool
2022-08-15 13:23:33 0 [Note] Plugin 'FEEDBACK' is disabled.
2022-08-15 13:23:33 0 [Note] Server socket created on IP: '::'.
2022-08-15 13:23:33 0 [Note] Reading of all Master_info entries succeeded
2022-08-15 13:23:33 0 [Note] Added new Master_info '' to hash table
2022-08-15 13:23:33 0 [Note] c:\xampp\mysql\bin\mysqld.exe: ready for connections.
Version: '10.4.24-MariaDB'  socket: ''  port: 3306  mariadb.org binary distribution
2022-08-15 13:23:33 0 [Note] InnoDB: Buffer pool(s) load completed at 220815 13:23:33
2022-08-15 13:43:02 0 [Note] InnoDB: Mutexes and rw_locks use Windows interlocked functions
2022-08-15 13:43:02 0 [Note] InnoDB: Uses event mutexes
2022-08-15 13:43:02 0 [Note] InnoDB: Compressed tables use zlib 1.2.11
2022-08-15 13:43:02 0 [Note] InnoDB: Number of pools: 1
2022-08-15 13:43:02 0 [Note] InnoDB: Using SSE2 crc32 instructions
2022-08-15 13:43:02 0 [Note] InnoDB: Initializing buffer pool, total size = 16M, instances = 1, chunk size = 16M
2022-08-15 13:43:02 0 [Note] InnoDB: Completed initialization of buffer pool
2022-08-15 13:43:03 0 [Note] InnoDB: Starting crash recovery from checkpoint LSN=1975479
2022-08-15 13:43:03 0 [Note] InnoDB: 128 out of 128 rollback segments are active.
2022-08-15 13:43:03 0 [Note] InnoDB: Removed temporary tablespace data file: "ibtmp1"
2022-08-15 13:43:03 0 [Note] InnoDB: Creating shared tablespace for temporary tables
2022-08-15 13:43:03 0 [Note] InnoDB: Setting file '.\ibtmp1' size to 12 MB. Physically writing the file full; Please wait ...
2022-08-15 13:43:03 0 [Note] InnoDB: File '.\ibtmp1' size is now 12 MB.
2022-08-15 13:43:03 0 [Note] InnoDB: 10.4.24 started; log sequence number 1975488; transaction id 982
2022-08-15 13:43:03 0 [Note] InnoDB: Loading buffer pool(s) from F:\web\full_stack\data_base_files\ib_buffer_pool
2022-08-15 13:43:03 0 [Note] Plugin 'FEEDBACK' is disabled.
2022-08-15 13:43:03 0 [Note] Server socket created on IP: '::'.
2022-08-15 13:43:03 0 [Note] InnoDB: Buffer pool(s) load completed at 220815 13:43:03
2022-08-15 13:43:03 0 [Note] Reading of all Master_info entries succeeded
2022-08-15 13:43:03 0 [Note] Added new Master_info '' to hash table
2022-08-15 13:43:03 0 [Note] c:\xampp\mysql\bin\mysqld.exe: ready for connections.
Version: '10.4.24-MariaDB'  socket: ''  port: 3306  mariadb.org binary distribution
2022-08-15 13:46:57 0 [Note] InnoDB: Mutexes and rw_locks use Windows interlocked functions
2022-08-15 13:46:57 0 [Note] InnoDB: Uses event mutexes
2022-08-15 13:46:57 0 [Note] InnoDB: Compressed tables use zlib 1.2.11
2022-08-15 13:46:57 0 [Note] InnoDB: Number of pools: 1
2022-08-15 13:46:57 0 [Note] InnoDB: Using SSE2 crc32 instructions
2022-08-15 13:46:57 0 [Note] InnoDB: Initializing buffer pool, total size = 16M, instances = 1, chunk size = 16M
2022-08-15 13:46:57 0 [Note] InnoDB: Completed initialization of buffer pool
2022-08-15 13:46:57 0 [Note] InnoDB: Starting crash recovery from checkpoint LSN=1985727
2022-08-15 13:46:58 0 [Note] InnoDB: 128 out of 128 rollback segments are active.
2022-08-15 13:46:58 0 [Note] InnoDB: Removed temporary tablespace data file: "ibtmp1"
2022-08-15 13:46:58 0 [Note] InnoDB: Creating shared tablespace for temporary tables
2022-08-15 13:46:58 0 [Note] InnoDB: Setting file '.\ibtmp1' size to 12 MB. Physically writing the file full; Please wait ...
2022-08-15 13:46:58 0 [Note] InnoDB: File '.\ibtmp1' size is now 12 MB.
2022-08-15 13:46:58 0 [Note] InnoDB: 10.4.24 started; log sequence number 1985736; transaction id 1000
2022-08-15 13:46:58 0 [Note] InnoDB: Loading buffer pool(s) from F:\web\full_stack\data_base_files\ib_buffer_pool
2022-08-15 13:46:58 0 [Note] Plugin 'FEEDBACK' is disabled.
2022-08-15 13:46:58 0 [Note] Server socket created on IP: '::'.
2022-08-15 13:46:58 0 [Note] InnoDB: Buffer pool(s) load completed at 220815 13:46:58
2022-08-15 13:46:58 0 [Note] Reading of all Master_info entries succeeded
2022-08-15 13:46:58 0 [Note] Added new Master_info '' to hash table
2022-08-15 13:46:58 0 [Note] c:\xampp\mysql\bin\mysqld.exe: ready for connections.
Version: '10.4.24-MariaDB'  socket: ''  port: 3306  mariadb.org binary distribution
2022-08-16  9:03:54 0 [Note] InnoDB: Mutexes and rw_locks use Windows interlocked functions
2022-08-16  9:03:54 0 [Note] InnoDB: Uses event mutexes
2022-08-16  9:03:54 0 [Note] InnoDB: Compressed tables use zlib 1.2.11
2022-08-16  9:03:54 0 [Note] InnoDB: Number of pools: 1
2022-08-16  9:03:54 0 [Note] InnoDB: Using SSE2 crc32 instructions
2022-08-16  9:03:54 0 [Note] InnoDB: Initializing buffer pool, total size = 16M, instances = 1, chunk size = 16M
2022-08-16  9:03:54 0 [Note] InnoDB: Completed initialization of buffer pool
2022-08-16  9:03:54 0 [Note] InnoDB: Starting crash recovery from checkpoint LSN=3530342
2022-08-16  9:03:54 0 [Note] InnoDB: 128 out of 128 rollback segments are active.
2022-08-16  9:03:54 0 [Note] InnoDB: Removed temporary tablespace data file: "ibtmp1"
2022-08-16  9:03:54 0 [Note] InnoDB: Creating shared tablespace for temporary tables
2022-08-16  9:03:54 0 [Note] InnoDB: Setting file '.\ibtmp1' size to 12 MB. Physically writing the file full; Please wait ...
2022-08-16  9:03:54 0 [Note] InnoDB: File '.\ibtmp1' size is now 12 MB.
2022-08-16  9:03:54 0 [Note] InnoDB: Waiting for purge to start
2022-08-16  9:03:54 0 [Note] InnoDB: 10.4.24 started; log sequence number 3530351; transaction id 2911
2022-08-16  9:03:54 0 [Note] InnoDB: Loading buffer pool(s) from F:\web\full_stack\data_base_files\ib_buffer_pool
2022-08-16  9:03:54 0 [Note] Plugin 'FEEDBACK' is disabled.
2022-08-16  9:03:54 0 [Note] InnoDB: Buffer pool(s) load completed at 220816  9:03:54
2022-08-16  9:03:54 0 [Note] Server socket created on IP: '::'.
2022-08-16  9:03:55 0 [Note] Reading of all Master_info entries succeeded
2022-08-16  9:03:55 0 [Note] Added new Master_info '' to hash table
2022-08-16  9:03:55 0 [Note] c:\xampp\mysql\bin\mysqld.exe: ready for connections.
Version: '10.4.24-MariaDB'  socket: ''  port: 3306  mariadb.org binary distribution
2022-08-16 19:29:46 0 [Note] InnoDB: Mutexes and rw_locks use Windows interlocked functions
2022-08-16 19:29:46 0 [Note] InnoDB: Uses event mutexes
2022-08-16 19:29:46 0 [Note] InnoDB: Compressed tables use zlib 1.2.11
2022-08-16 19:29:46 0 [Note] InnoDB: Number of pools: 1
2022-08-16 19:29:46 0 [Note] InnoDB: Using SSE2 crc32 instructions
2022-08-16 19:29:46 0 [Note] InnoDB: Initializing buffer pool, total size = 16M, instances = 1, chunk size = 16M
2022-08-16 19:29:46 0 [Note] InnoDB: Completed initialization of buffer pool
2022-08-16 19:29:46 0 [Note] InnoDB: Starting crash recovery from checkpoint LSN=2605686
2022-08-16 19:29:46 0 [Note] InnoDB: 128 out of 128 rollback segments are active.
2022-08-16 19:29:46 0 [Note] InnoDB: Removed temporary tablespace data file: "ibtmp1"
2022-08-16 19:29:46 0 [Note] InnoDB: Creating shared tablespace for temporary tables
2022-08-16 19:29:46 0 [Note] InnoDB: Setting file 'D:\xampp\mysql\data\ibtmp1' size to 12 MB. Physically writing the file full; Please wait ...
2022-08-16 19:29:46 0 [Note] InnoDB: File 'D:\xampp\mysql\data\ibtmp1' size is now 12 MB.
2022-08-16 19:29:46 0 [Note] InnoDB: Waiting for purge to start
2022-08-16 19:29:47 0 [Note] InnoDB: 10.4.24 started; log sequence number 2605695; transaction id 1502
2022-08-16 19:29:47 0 [Note] InnoDB: Loading buffer pool(s) from D:\xampp\mysql\data\ib_buffer_pool
2022-08-16 19:29:47 0 [Note] Plugin 'FEEDBACK' is disabled.
2022-08-16 19:29:47 0 [ERROR] InnoDB: Page [page id: space=1, page number=3] log sequence number 10283139 is in the future! Current system log sequence number 2605704.
2022-08-16 19:29:47 0 [ERROR] InnoDB: Your database may be corrupt or you may have copied the InnoDB tablespace but not the InnoDB log files. Please refer to https://mariadb.com/kb/en/library/innodb-recovery-modes/ for information about forcing recovery.
2022-08-16 19:29:47 0 [ERROR] InnoDB: Page [page id: space=2, page number=0] log sequence number 3996640 is in the future! Current system log sequence number 2605704.
2022-08-16 19:29:47 0 [ERROR] InnoDB: Your database may be corrupt or you may have copied the InnoDB tablespace but not the InnoDB log files. Please refer to https://mariadb.com/kb/en/library/innodb-recovery-modes/ for information about forcing recovery.
2022-08-16 19:29:47 0 [ERROR] InnoDB: Page [page id: space=2, page number=2] log sequence number 3988814 is in the future! Current system log sequence number 2605704.
2022-08-16 19:29:47 0 [ERROR] InnoDB: Your database may be corrupt or you may have copied the InnoDB tablespace but not the InnoDB log files. Please refer to https://mariadb.com/kb/en/library/innodb-recovery-modes/ for information about forcing recovery.
2022-08-16 19:29:47 0 [ERROR] InnoDB: Page [page id: space=2, page number=3] log sequence number 3996640 is in the future! Current system log sequence number 2605704.
2022-08-16 19:29:47 0 [ERROR] InnoDB: Your database may be corrupt or you may have copied the InnoDB tablespace but not the InnoDB log files. Please refer to https://mariadb.com/kb/en/library/innodb-recovery-modes/ for information about forcing recovery.
2022-08-16 19:29:47 0 [Note] InnoDB: Buffer pool(s) load completed at 220816 19:29:47
2022-08-16 19:29:47 0 [Note] Server socket created on IP: '::'.
2022-08-16 19:34:50 0 [Note] InnoDB: Mutexes and rw_locks use Windows interlocked functions
2022-08-16 19:34:50 0 [Note] InnoDB: Uses event mutexes
2022-08-16 19:34:50 0 [Note] InnoDB: Compressed tables use zlib 1.2.11
2022-08-16 19:34:50 0 [Note] InnoDB: Number of pools: 1
2022-08-16 19:34:50 0 [Note] InnoDB: Using SSE2 crc32 instructions
2022-08-16 19:34:50 0 [Note] InnoDB: Initializing buffer pool, total size = 16M, instances = 1, chunk size = 16M
2022-08-16 19:34:50 0 [Note] InnoDB: Completed initialization of buffer pool
2022-08-16 19:34:50 0 [Note] InnoDB: Starting crash recovery from checkpoint LSN=2605704
2022-08-16 19:34:51 0 [Note] InnoDB: 128 out of 128 rollback segments are active.
2022-08-16 19:34:51 0 [Note] InnoDB: Removed temporary tablespace data file: "ibtmp1"
2022-08-16 19:34:51 0 [Note] InnoDB: Creating shared tablespace for temporary tables
2022-08-16 19:34:51 0 [Note] InnoDB: Setting file 'D:\xampp\mysql\data\ibtmp1' size to 12 MB. Physically writing the file full; Please wait ...
2022-08-16 19:34:51 0 [Note] InnoDB: File 'D:\xampp\mysql\data\ibtmp1' size is now 12 MB.
2022-08-16 19:34:51 0 [Note] InnoDB: Waiting for purge to start
2022-08-16 19:34:51 0 [Note] InnoDB: 10.4.24 started; log sequence number 2605713; transaction id 1502
2022-08-16 19:34:51 0 [Note] InnoDB: Loading buffer pool(s) from D:\xampp\mysql\data\ib_buffer_pool
2022-08-16 19:34:51 0 [Note] Plugin 'FEEDBACK' is disabled.
2022-08-16 19:34:51 0 [ERROR] InnoDB: Page [page id: space=1, page number=3] log sequence number 10283139 is in the future! Current system log sequence number 2605722.
2022-08-16 19:34:51 0 [ERROR] InnoDB: Your database may be corrupt or you may have copied the InnoDB tablespace but not the InnoDB log files. Please refer to https://mariadb.com/kb/en/library/innodb-recovery-modes/ for information about forcing recovery.
2022-08-16 19:34:51 0 [Note] Server socket created on IP: '::'.
2022-08-16 19:38:55 0 [Note] InnoDB: Mutexes and rw_locks use Windows interlocked functions
2022-08-16 19:38:55 0 [Note] InnoDB: Uses event mutexes
2022-08-16 19:38:55 0 [Note] InnoDB: Compressed tables use zlib 1.2.11
2022-08-16 19:38:55 0 [Note] InnoDB: Number of pools: 1
2022-08-16 19:38:55 0 [Note] InnoDB: Using SSE2 crc32 instructions
2022-08-16 19:38:55 0 [Note] InnoDB: Initializing buffer pool, total size = 16M, instances = 1, chunk size = 16M
2022-08-16 19:38:55 0 [Note] InnoDB: Completed initialization of buffer pool
2022-08-16 19:38:55 0 [Note] InnoDB: Starting crash recovery from checkpoint LSN=2605722
2022-08-16 19:38:55 0 [Note] InnoDB: 128 out of 128 rollback segments are active.
2022-08-16 19:38:55 0 [Note] InnoDB: Removed temporary tablespace data file: "ibtmp1"
2022-08-16 19:38:55 0 [Note] InnoDB: Creating shared tablespace for temporary tables
2022-08-16 19:38:55 0 [Note] InnoDB: Setting file 'D:\xampp\mysql\data\ibtmp1' size to 12 MB. Physically writing the file full; Please wait ...
2022-08-16 19:38:55 0 [Note] InnoDB: File 'D:\xampp\mysql\data\ibtmp1' size is now 12 MB.
2022-08-16 19:38:55 0 [Note] InnoDB: Waiting for purge to start
2022-08-16 19:38:56 0 [Note] InnoDB: 10.4.24 started; log sequence number 2605731; transaction id 1502
2022-08-16 19:38:56 0 [Note] InnoDB: Loading buffer pool(s) from D:\xampp\mysql\data\ib_buffer_pool
2022-08-16 19:38:56 0 [Note] Plugin 'FEEDBACK' is disabled.
2022-08-16 19:38:56 0 [ERROR] InnoDB: Page [page id: space=1, page number=3] log sequence number 10283139 is in the future! Current system log sequence number 2605740.
2022-08-16 19:38:56 0 [Note] Server socket created on IP: '::'.
2022-08-16 19:38:56 0 [ERROR] InnoDB: Your database may be corrupt or2022-08-21 19:25:38 0 [Note] InnoDB: Mutexes and rw_locks use Windows interlocked functions
2022-08-21 19:25:38 0 [Note] InnoDB: Uses event mutexes
2022-08-21 19:25:38 0 [Note] InnoDB: Compressed tables use zlib 1.2.11
2022-08-21 19:25:38 0 [Note] InnoDB: Number of pools: 1
2022-08-21 19:25:38 0 [Note] InnoDB: Using SSE2 crc32 instructions
2022-08-21 19:25:38 0 [Note] InnoDB: Initializing buffer pool, total size = 16M, instances = 1, chunk size = 16M
2022-08-21 19:25:38 0 [Note] InnoDB: Completed initialization of buffer pool
2022-08-21 19:25:38 0 [Note] InnoDB: Starting crash recovery from checkpoint LSN=2605740
2022-08-21 19:25:39 0 [Note] InnoDB: 128 out of 128 rollback segments are active.
2022-08-21 19:25:39 0 [Note] InnoDB: Removed temporary tablespace data file: "ibtmp1"
2022-08-21 19:25:39 0 [Note] InnoDB: Creating shared tablespace for temporary tables
2022-08-21 19:25:39 0 [Note] InnoDB: Setting file 'D:\xampp\mysql\data\ibtmp1' size to 12 MB. Physically writing the file full; Please wait ...
2022-08-21 19:25:39 0 [Note] InnoDB: File 'D:\xampp\mysql\data\ibtmp1' size is now 12 MB.
2022-08-21 19:25:39 0 [Note] InnoDB: Waiting for purge to start
2022-08-21 19:25:39 0 [Note] InnoDB: 10.4.24 started; log sequence number 2605749; transaction id 1502
2022-08-21 19:25:39 0 [Note] InnoDB: Loading buffer pool(s) from D:\xampp\mysql\data\ib_buffer_pool
2022-08-21 19:25:39 0 [Note] Plugin 'FEEDBACK' is disabled.
2022-08-21 19:25:39 0 [ERROR] InnoDB: Page [page id: space=1, page number=3] log sequence number 10283139 is in the future! Current system log sequence number 2605758.
2022-08-21 19:25:39 0 [ERROR] InnoDB: Your database may be corrupt or you may have copied the InnoDB tablespace but not the InnoDB log files. Please refer to https://mariadb.com/kb/en/library/innodb-recovery-modes/ for information about forcing recovery.
2022-08-21 19:25:39 0 [ERROR] InnoDB: Page [page id: space=2, page number=0] log sequence number 3996640 is in the future! Current system log sequence number 2605758.
2022-08-21 19:25:39 0 [ERROR] InnoDB: Your database may be corrupt or you may have copied the InnoDB tablespace but not the InnoDB log files. Please refer to https://mariadb.com/kb/en/library/innodb-recovery-modes/ for information about forcing recovery.
2022-08-21 19:25:39 0 [ERROR] InnoDB: Page [page id: space=2, page number=2] log sequence number 3988814 is in the future! Current system log sequence number 2605758.
2022-08-21 19:25:39 0 [ERROR] InnoDB: Your database may be corrupt or you may have copied the InnoDB tablespace but not the InnoDB log files. Please refer to https://mariadb.com/kb/en/library/innodb-recovery-modes/ for information about forcing recovery.
2022-08-21 19:25:39 0 [ERROR] InnoDB: Page [page id: space=2, page number=3] log sequence number 3996640 is in the future! Current system log sequence number 2605758.
2022-08-21 19:25:39 0 [ERROR] InnoDB: Your database may be corrupt or you may have copied the InnoDB tablespace but not the InnoDB log files. Please refer to https://mariadb.com/kb/en/library/innodb-recovery-modes/ for information about forcing recovery.
2022-08-21 19:25:39 0 [Note] InnoDB: Buffer pool(s) load completed at 220821 19:25:39
2022-08-21 19:25:39 0 [Note] Server socket created on IP: '::'.
